

############################
Thu Sep 18 10:31:14 EDT 2014
/mnt/tsestudies/wertheimer/mentalrotation/code
/usr/local/freesurfer/tktools/tksurfer.bin freesurfer/ lh white 
############################


############################
Thu Sep 18 10:31:42 EDT 2014
/mnt/tsestudies/wertheimer/mentalrotation/code
/usr/local/freesurfer/tktools/tksurfer.bin freesurfer/ lh pial 
############################


############################
Thu Sep 18 10:32:01 EDT 2014
/mnt/tsestudies/wertheimer/mentalrotation/code
/usr/local/freesurfer/tktools/tksurfer.bin freesurfer/ rh white 
############################


############################
Thu Sep 18 10:34:00 EDT 2014
/mnt/tsestudies/wertheimer/mentalrotation/code
/usr/local/freesurfer/tktools/tksurfer.bin freesurfer/ rh pial 
############################


############################
Thu Sep 18 14:07:47 EDT 2014
/mnt/tsestudies/wertheimer/mentalrotation/code
/usr/local/freesurfer/tktools/tksurfer.bin freesurfer/ lh white 
############################


############################
Thu Sep 18 14:08:11 EDT 2014
/mnt/tsestudies/wertheimer/mentalrotation/code
/usr/local/freesurfer/tktools/tksurfer.bin freesurfer/ lh pial 
############################


############################
Thu Sep 18 14:08:18 EDT 2014
/mnt/tsestudies/wertheimer/mentalrotation/code
/usr/local/freesurfer/tktools/tksurfer.bin freesurfer/ rh white 
############################


############################
Thu Sep 18 14:08:25 EDT 2014
/mnt/tsestudies/wertheimer/mentalrotation/code
/usr/local/freesurfer/tktools/tksurfer.bin freesurfer/ rh pial 
############################
